<?xml version="1.0" encoding="UTF-8"?>
<!-- Generated by org.testng.reporters.JUnitReportReporter -->
<testsuite hostname="DESKTOP-DN71U33" failures="0" tests="1" name="smoketest.SwagLabProductPurchase" time="6.131" errors="0" timestamp="2023-12-24T13:24:04 IST" skipped="0">
  <testcase classname="smoketest.SwagLabProductPurchase" name="productPurchaseFlow" time="6.131"/>
</testsuite> <!-- smoketest.SwagLabProductPurchase -->
